<?xml version="1.0" encoding="UTF-8"?>
<!-- Generated by org.testng.reporters.JUnitReportReporter -->
<testsuite hostname="CIPL1593QA" failures="0" tests="4" name="api.test.UserTest2" time="8.182" errors="0" timestamp="2024-09-16T15:23:02 IST" skipped="0">
  <testcase classname="api.test.UserTest2" name="testPostuser" time="4.144"/>
  <testcase classname="api.test.UserTest2" name="testgetusername" time="1.028"/>
  <testcase classname="api.test.UserTest2" name="testPutuser" time="2.023"/>
  <testcase classname="api.test.UserTest2" name="testdeleteusername" time="0.987"/>
</testsuite> <!-- api.test.UserTest2 -->
